# This file was automatically created by FeynRules 2.3.29
# Mathematica version: 10.0 for Linux x86 (64-bit) (September 9, 2014)
# Date: Mon 2 Oct 2017 06:24:07


# 
# This is the logfile for the model EffLRSM

# Authors: R. Ruiz
# Model version: 2.3
# Checking the Quantum numbers
   * Electric charge defined.
# Checking the Lagrangians
   * All Lagrangians are ok.
#
# Particle definitions
#

   * No particles removed. All particles correspond to GenInt setup.

# Automatically assigned PDG numbers
   * Assigned PDG number 9000001 to particle ghA
   * Assigned PDG number 9000002 to particle ghZ
   * Assigned PDG number 9000003 to particle ghWp
   * Assigned PDG number 9000004 to particle ghWm


# Compulsory PDG codes:
   * Class SM leptons complete.
   * Class SM neutrinos complete.
   * Class SM quarks complete.
   * Class SM gauge bosons complete.
#
# Parameter definitions
#

   * Parameter Delt22 is complex, but declared as real. Changing type to complex.
   * Parameter Ycs is complex, but declared as real. Changing type to complex.
   * Parameter Yts is complex, but declared as real. Changing type to complex.
   * Parameter Yus is complex, but declared as real. Changing type to complex.


# Vertices
   * Calling FeynmanRules for 1 Lagrangians.
   * Number of classes vertices: 116
   * Number of flavored vertices: 154
   * Saved vertices in InterfaceRun[ 1 ].
   * Checked QNumber conservation.
      - Quantum number GhostNumber conserved in all vertices.
      - Quantum number LeptonNumber conserved in all vertices.
      - Quantum number Q conserved in all vertices.
      - Quantum number Y conserved in all vertices.
   * particles.py written.
   * parameters.py written.
#
# Vertex definitions
#

   * 154 vertices written.
   * vertices.py written.
#
# Lorentz structure definitions
#

   * 17 lorentz structures written.
   * lorentz.py written.
#
# Coupling definitions
#

   * 91 couplings written.
   * couplings.py written.
#
# Coupling order definitions
#

   * 0 couplings orders written.
   * coupling_orders.py written.
#
# Decay definitions
#

   * 5 decays written.
   * decay.py not written
#
# CTCoupling definitions
#

   * 0 CTcouplings written.
   * CT_couplings.py written.
